This is pdfTeX, Version 3.14159265-2.6-1.40.20 (TeX Live 2019/Debian) (preloaded format=pdflatex 2019.8.29)  29 AUG 2019 10:49
entering extended mode
 restricted \write18 enabled.
 %&-line parsing enabled.
**"Rapport de stage.tex"
(./Rapport de stage.tex
LaTeX2e <2018-12-01>
(/usr/share/texlive/texmf-dist/tex/latex/base/article.cls
Document Class: article 2018/09/03 v1.4i Standard LaTeX document class
(/usr/share/texlive/texmf-dist/tex/latex/base/size10.clo
File: size10.clo 2018/09/03 v1.4i Standard LaTeX file (size option)
)
\c@part=\count80
\c@section=\count81
\c@subsection=\count82
\c@subsubsection=\count83
\c@paragraph=\count84
\c@subparagraph=\count85
\c@figure=\count86
\c@table=\count87
\abovecaptionskip=\skip41
\belowcaptionskip=\skip42
\bibindent=\dimen102
)
(/usr/share/texlive/texmf-dist/tex/latex/graphics/graphicx.sty
Package: graphicx 2017/06/01 v1.1a Enhanced LaTeX Graphics (DPC,SPQR)

(/usr/share/texlive/texmf-dist/tex/latex/graphics/keyval.sty
Package: keyval 2014/10/28 v1.15 key=value parser (DPC)
\KV@toks@=\toks14
)
(/usr/share/texlive/texmf-dist/tex/latex/graphics/graphics.sty
Package: graphics 2017/06/25 v1.2c Standard LaTeX Graphics (DPC,SPQR)

(/usr/share/texlive/texmf-dist/tex/latex/graphics/trig.sty
Package: trig 2016/01/03 v1.10 sin cos tan (DPC)
)
(/usr/share/texlive/texmf-dist/tex/latex/graphics-cfg/graphics.cfg
File: graphics.cfg 2016/06/04 v1.11 sample graphics configuration
)
Package graphics Info: Driver file: pdftex.def on input line 99.

(/usr/share/texlive/texmf-dist/tex/latex/graphics-def/pdftex.def
File: pdftex.def 2018/01/08 v1.0l Graphics/color driver for pdftex
))
\Gin@req@height=\dimen103
\Gin@req@width=\dimen104
)
(/usr/share/texlive/texmf-dist/tex/latex/caption/subcaption.sty
Package: subcaption 2018/05/01 v1.1-162 Sub-captions (AR)

(/usr/share/texlive/texmf-dist/tex/latex/caption/caption.sty
Package: caption 2018/10/06 v3.3-154 Customizing captions (AR)

(/usr/share/texlive/texmf-dist/tex/latex/caption/caption3.sty
Package: caption3 2018/09/12 v1.8c caption3 kernel (AR)
Package caption3 Info: TeX engine: e-TeX on input line 64.
\captionmargin=\dimen105
\captionmargin@=\dimen106
\captionwidth=\dimen107
\caption@tempdima=\dimen108
\caption@indent=\dimen109
\caption@parindent=\dimen110
\caption@hangindent=\dimen111
)
\c@caption@flags=\count88
\c@ContinuedFloat=\count89
)
\c@subfigure=\count90
\c@subtable=\count91
)
(/usr/share/texlive/texmf-dist/tex/latex/listings/listings.sty
\lst@mode=\count92
\lst@gtempboxa=\box27
\lst@token=\toks15
\lst@length=\count93
\lst@currlwidth=\dimen112
\lst@column=\count94
\lst@pos=\count95
\lst@lostspace=\dimen113
\lst@width=\dimen114
\lst@newlines=\count96
\lst@lineno=\count97
\lst@maxwidth=\dimen115

(/usr/share/texlive/texmf-dist/tex/latex/listings/lstmisc.sty
File: lstmisc.sty 2019/02/27 1.8b (Carsten Heinz)
\c@lstnumber=\count98
\lst@skipnumbers=\count99
\lst@framebox=\box28
)
(/usr/share/texlive/texmf-dist/tex/latex/listings/listings.cfg
File: listings.cfg 2019/02/27 1.8b listings configuration
))
Package: listings 2019/02/27 1.8b (Carsten Heinz)

(/usr/share/texlive/texmf-dist/tex/latex/graphics/color.sty
Package: color 2016/07/10 v1.1e Standard LaTeX Color (DPC)

(/usr/share/texlive/texmf-dist/tex/latex/graphics-cfg/color.cfg
File: color.cfg 2016/01/02 v1.6 sample color configuration
)
Package color Info: Driver file: pdftex.def on input line 147.
)
(/usr/share/texlive/texmf-dist/tex/latex/hyperref/hyperref.sty
Package: hyperref 2018/11/30 v6.88e Hypertext links for LaTeX

(/usr/share/texlive/texmf-dist/tex/generic/oberdiek/hobsub-hyperref.sty
Package: hobsub-hyperref 2016/05/16 v1.14 Bundle oberdiek, subset hyperref (HO)


(/usr/share/texlive/texmf-dist/tex/generic/oberdiek/hobsub-generic.sty
Package: hobsub-generic 2016/05/16 v1.14 Bundle oberdiek, subset generic (HO)
Package: hobsub 2016/05/16 v1.14 Construct package bundles (HO)
Package: infwarerr 2016/05/16 v1.4 Providing info/warning/error messages (HO)
Package: ltxcmds 2016/05/16 v1.23 LaTeX kernel commands for general use (HO)
Package: ifluatex 2016/05/16 v1.4 Provides the ifluatex switch (HO)
Package ifluatex Info: LuaTeX not detected.
Package: ifvtex 2016/05/16 v1.6 Detect VTeX and its facilities (HO)
Package ifvtex Info: VTeX not detected.
Package: intcalc 2016/05/16 v1.2 Expandable calculations with integers (HO)
Package: ifpdf 2018/09/07 v3.3 Provides the ifpdf switch
Package: etexcmds 2016/05/16 v1.6 Avoid name clashes with e-TeX commands (HO)
Package: kvsetkeys 2016/05/16 v1.17 Key value parser (HO)
Package: kvdefinekeys 2016/05/16 v1.4 Define keys (HO)
Package: pdftexcmds 2018/09/10 v0.29 Utility functions of pdfTeX for LuaTeX (HO
)
Package pdftexcmds Info: LuaTeX not detected.
Package pdftexcmds Info: \pdf@primitive is available.
Package pdftexcmds Info: \pdf@ifprimitive is available.
Package pdftexcmds Info: \pdfdraftmode found.
Package: pdfescape 2016/05/16 v1.14 Implements pdfTeX's escape features (HO)
Package: bigintcalc 2016/05/16 v1.4 Expandable calculations on big integers (HO
)
Package: bitset 2016/05/16 v1.2 Handle bit-vector datatype (HO)
Package: uniquecounter 2016/05/16 v1.3 Provide unlimited unique counter (HO)
)
Package hobsub Info: Skipping package `hobsub' (already loaded).
Package: letltxmacro 2016/05/16 v1.5 Let assignment for LaTeX macros (HO)
Package: hopatch 2016/05/16 v1.3 Wrapper for package hooks (HO)
Package: xcolor-patch 2016/05/16 xcolor patch
Package: atveryend 2016/05/16 v1.9 Hooks at the very end of document (HO)
Package atveryend Info: \enddocument detected (standard20110627).
Package: atbegshi 2016/06/09 v1.18 At begin shipout hook (HO)
Package: refcount 2016/05/16 v3.5 Data extraction from label references (HO)
Package: hycolor 2016/05/16 v1.8 Color options for hyperref/bookmark (HO)
)
(/usr/share/texlive/texmf-dist/tex/generic/ifxetex/ifxetex.sty
Package: ifxetex 2010/09/12 v0.6 Provides ifxetex conditional
)
(/usr/share/texlive/texmf-dist/tex/latex/oberdiek/auxhook.sty
Package: auxhook 2016/05/16 v1.4 Hooks for auxiliary files (HO)
)
(/usr/share/texlive/texmf-dist/tex/latex/oberdiek/kvoptions.sty
Package: kvoptions 2016/05/16 v3.12 Key value format for package options (HO)
)
\@linkdim=\dimen116
\Hy@linkcounter=\count100
\Hy@pagecounter=\count101

(/usr/share/texlive/texmf-dist/tex/latex/hyperref/pd1enc.def
File: pd1enc.def 2018/11/30 v6.88e Hyperref: PDFDocEncoding definition (HO)
Now handling font encoding PD1 ...
... no UTF-8 mapping file for font encoding PD1
)
\Hy@SavedSpaceFactor=\count102

(/usr/share/texlive/texmf-dist/tex/latex/latexconfig/hyperref.cfg
File: hyperref.cfg 2002/06/06 v1.2 hyperref configuration of TeXLive
)
Package hyperref Info: Hyper figures OFF on input line 4519.
Package hyperref Info: Link nesting OFF on input line 4524.
Package hyperref Info: Hyper index ON on input line 4527.
Package hyperref Info: Plain pages OFF on input line 4534.
Package hyperref Info: Backreferencing OFF on input line 4539.
Package hyperref Info: Implicit mode ON; LaTeX internals redefined.
Package hyperref Info: Bookmarks ON on input line 4772.
\c@Hy@tempcnt=\count103

(/usr/share/texlive/texmf-dist/tex/latex/url/url.sty
\Urlmuskip=\muskip10
Package: url 2013/09/16  ver 3.4  Verb mode for urls, etc.
)
LaTeX Info: Redefining \url on input line 5125.
\XeTeXLinkMargin=\dimen117
\Fld@menulength=\count104
\Field@Width=\dimen118
\Fld@charsize=\dimen119
Package hyperref Info: Hyper figures OFF on input line 6380.
Package hyperref Info: Link nesting OFF on input line 6385.
Package hyperref Info: Hyper index ON on input line 6388.
Package hyperref Info: backreferencing OFF on input line 6395.
Package hyperref Info: Link coloring OFF on input line 6400.
Package hyperref Info: Link coloring with OCG OFF on input line 6405.
Package hyperref Info: PDF/A mode OFF on input line 6410.
LaTeX Info: Redefining \ref on input line 6450.
LaTeX Info: Redefining \pageref on input line 6454.
\Hy@abspage=\count105
\c@Item=\count106
\c@Hfootnote=\count107
)
Package hyperref Info: Driver (autodetected): hpdftex.

(/usr/share/texlive/texmf-dist/tex/latex/hyperref/hpdftex.def
File: hpdftex.def 2018/11/30 v6.88e Hyperref driver for pdfTeX
\Fld@listcount=\count108
\c@bookmark@seq@number=\count109

(/usr/share/texlive/texmf-dist/tex/latex/oberdiek/rerunfilecheck.sty
Package: rerunfilecheck 2016/05/16 v1.8 Rerun checks for auxiliary files (HO)
Package uniquecounter Info: New unique counter `rerunfilecheck' on input line 2
82.
)
\Hy@SectionHShift=\skip43
)
(/usr/share/texlive/texmf-dist/tex/latex/amsmath/amsmath.sty
Package: amsmath 2018/12/01 v2.17b AMS math features
\@mathmargin=\skip44

For additional information on amsmath, use the `?' option.
(/usr/share/texlive/texmf-dist/tex/latex/amsmath/amstext.sty
Package: amstext 2000/06/29 v2.01 AMS text

(/usr/share/texlive/texmf-dist/tex/latex/amsmath/amsgen.sty
File: amsgen.sty 1999/11/30 v2.0 generic functions
\@emptytoks=\toks16
\ex@=\dimen120
))
(/usr/share/texlive/texmf-dist/tex/latex/amsmath/amsbsy.sty
Package: amsbsy 1999/11/29 v1.2d Bold Symbols
\pmbraise@=\dimen121
)
(/usr/share/texlive/texmf-dist/tex/latex/amsmath/amsopn.sty
Package: amsopn 2016/03/08 v2.02 operator names
)
\inf@bad=\count110
LaTeX Info: Redefining \frac on input line 223.
\uproot@=\count111
\leftroot@=\count112
LaTeX Info: Redefining \overline on input line 385.
\classnum@=\count113
\DOTSCASE@=\count114
LaTeX Info: Redefining \ldots on input line 482.
LaTeX Info: Redefining \dots on input line 485.
LaTeX Info: Redefining \cdots on input line 606.
\Mathstrutbox@=\box29
\strutbox@=\box30
\big@size=\dimen122
LaTeX Font Info:    Redeclaring font encoding OML on input line 729.
LaTeX Font Info:    Redeclaring font encoding OMS on input line 730.
\macc@depth=\count115
\c@MaxMatrixCols=\count116
\dotsspace@=\muskip11
\c@parentequation=\count117
\dspbrk@lvl=\count118
\tag@help=\toks17
\row@=\count119
\column@=\count120
\maxfields@=\count121
\andhelp@=\toks18
\eqnshift@=\dimen123
\alignsep@=\dimen124
\tagshift@=\dimen125
\tagwidth@=\dimen126
\totwidth@=\dimen127
\lineht@=\dimen128
\@envbody=\toks19
\multlinegap=\skip45
\multlinetaggap=\skip46
\mathdisplay@stack=\toks20
LaTeX Info: Redefining \[ on input line 2844.
LaTeX Info: Redefining \] on input line 2845.
)
(/usr/share/texlive/texmf-dist/tex/latex/geometry/geometry.sty
Package: geometry 2018/04/16 v5.8 Page Geometry
\Gm@cnth=\count122
\Gm@cntv=\count123
\c@Gm@tempcnt=\count124
\Gm@bindingoffset=\dimen129
\Gm@wd@mp=\dimen130
\Gm@odd@mp=\dimen131
\Gm@even@mp=\dimen132
\Gm@layoutwidth=\dimen133
\Gm@layoutheight=\dimen134
\Gm@layouthoffset=\dimen135
\Gm@layoutvoffset=\dimen136
\Gm@dimlist=\toks21
)
(/usr/share/texlive/texmf-dist/tex/latex/base/inputenc.sty
Package: inputenc 2018/08/11 v1.3c Input encoding file
\inpenc@prehook=\toks22
\inpenc@posthook=\toks23
)
(/usr/share/texlive/texmf-dist/tex/latex/base/fontenc.sty
Package: fontenc 2018/08/11 v2.0j Standard LaTeX package

(/usr/share/texlive/texmf-dist/tex/latex/base/t1enc.def
File: t1enc.def 2018/08/11 v2.0j Standard LaTeX file
LaTeX Font Info:    Redeclaring font encoding T1 on input line 48.
))
(/usr/share/texlive/texmf-dist/tex/latex/tocbibind/tocbibind.sty
Package: tocbibind 2010/10/13 v1.5k extra ToC listings
Package tocbibind Info: The document has section divisions on input line 50.


Package tocbibind Note: Using section or other style headings.

) (/usr/share/texlive/texmf-dist/tex/latex/listings/lstlang1.sty
File: lstlang1.sty 2019/02/27 1.8b listings language file
)
(./Rapport de stage.aux)
\openout1 = `"Rapport de stage.aux"'.

LaTeX Font Info:    Checking defaults for OML/cmm/m/it on input line 30.
LaTeX Font Info:    ... okay on input line 30.
LaTeX Font Info:    Checking defaults for T1/cmr/m/n on input line 30.
LaTeX Font Info:    ... okay on input line 30.
LaTeX Font Info:    Checking defaults for OT1/cmr/m/n on input line 30.
LaTeX Font Info:    ... okay on input line 30.
LaTeX Font Info:    Checking defaults for OMS/cmsy/m/n on input line 30.
LaTeX Font Info:    ... okay on input line 30.
LaTeX Font Info:    Checking defaults for OMX/cmex/m/n on input line 30.
LaTeX Font Info:    ... okay on input line 30.
LaTeX Font Info:    Checking defaults for U/cmr/m/n on input line 30.
LaTeX Font Info:    ... okay on input line 30.
LaTeX Font Info:    Checking defaults for PD1/pdf/m/n on input line 30.
LaTeX Font Info:    ... okay on input line 30.

(/usr/share/texlive/texmf-dist/tex/context/base/mkii/supp-pdf.mkii
[Loading MPS to PDF converter (version 2006.09.02).]
\scratchcounter=\count125
\scratchdimen=\dimen137
\scratchbox=\box31
\nofMPsegments=\count126
\nofMParguments=\count127
\everyMPshowfont=\toks24
\MPscratchCnt=\count128
\MPscratchDim=\dimen138
\MPnumerator=\count129
\makeMPintoPDFobject=\count130
\everyMPtoPDFconversion=\toks25
) (/usr/share/texlive/texmf-dist/tex/latex/oberdiek/epstopdf-base.sty
Package: epstopdf-base 2016/05/15 v2.6 Base part for package epstopdf

(/usr/share/texlive/texmf-dist/tex/latex/oberdiek/grfext.sty
Package: grfext 2016/05/16 v1.2 Manage graphics extensions (HO)
)
Package epstopdf-base Info: Redefining graphics rule for `.eps' on input line 4
38.
Package grfext Info: Graphics extension search list:
(grfext)             [.pdf,.png,.jpg,.mps,.jpeg,.jbig2,.jb2,.PDF,.PNG,.JPG,.JPE
G,.JBIG2,.JB2,.eps]
(grfext)             \AppendGraphicsExtensions on input line 456.

(/usr/share/texlive/texmf-dist/tex/latex/latexconfig/epstopdf-sys.cfg
File: epstopdf-sys.cfg 2010/07/13 v1.3 Configuration of (r)epstopdf for TeX Liv
e
))
Package caption Info: Begin \AtBeginDocument code.
Package caption Info: hyperref package is loaded.
Package caption Info: listings package is loaded.
Package caption Info: End \AtBeginDocument code.
\c@lstlisting=\count131
\AtBeginShipoutBox=\box32
Package hyperref Info: Link coloring OFF on input line 30.

(/usr/share/texlive/texmf-dist/tex/latex/hyperref/nameref.sty
Package: nameref 2016/05/21 v2.44 Cross-referencing by name of section

(/usr/share/texlive/texmf-dist/tex/generic/oberdiek/gettitlestring.sty
Package: gettitlestring 2016/05/16 v1.5 Cleanup title references (HO)
)
\c@section@level=\count132
)
LaTeX Info: Redefining \ref on input line 30.
LaTeX Info: Redefining \pageref on input line 30.
LaTeX Info: Redefining \nameref on input line 30.

(./Rapport de stage.out) (./Rapport de stage.out)
\@outlinefile=\write3
\openout3 = `"Rapport de stage.out"'.


*geometry* driver: auto-detecting
*geometry* detected driver: pdftex
*geometry* verbose mode - [ preamble ] result:
* driver: pdftex
* paper: <default>
* layout: <same size as paper>
* layoutoffset:(h,v)=(0.0pt,0.0pt)
* modes: 
* h-part:(L,W,R)=(72.26999pt, 469.75502pt, 72.26999pt)
* v-part:(T,H,B)=(72.26999pt, 650.43001pt, 72.26999pt)
* \paperwidth=614.295pt
* \paperheight=794.96999pt
* \textwidth=469.75502pt
* \textheight=650.43001pt
* \oddsidemargin=0.0pt
* \evensidemargin=0.0pt
* \topmargin=-37.0pt
* \headheight=12.0pt
* \headsep=25.0pt
* \topskip=10.0pt
* \footskip=30.0pt
* \marginparwidth=65.0pt
* \marginparsep=11.0pt
* \columnsep=10.0pt
* \skip\footins=9.0pt plus 4.0pt minus 2.0pt
* \hoffset=0.0pt
* \voffset=0.0pt
* \mag=1000
* \@twocolumnfalse
* \@twosidefalse
* \@mparswitchfalse
* \@reversemarginfalse
* (1in=72.27pt=25.4mm, 1cm=28.453pt)

<irif_horizontal.png, id=168, 602.25pt x 200.75pt>
File: irif_horizontal.png Graphic file (type png)
<use irif_horizontal.png>
Package pdftex.def Info: irif_horizontal.png  used on input line 34.
(pdftex.def)             Requested size: 187.89914pt x 62.63312pt.
<Logo80ANS_OR.png, id=170, 399.4925pt x 280.04625pt>
File: Logo80ANS_OR.png Graphic file (type png)
<use Logo80ANS_OR.png>
Package pdftex.def Info: Logo80ANS_OR.png  used on input line 35.
(pdftex.def)             Requested size: 187.89914pt x 131.72003pt.
<logop7.png, id=171, 92.5056pt x 36.135pt>
File: logop7.png Graphic file (type png)
<use logop7.png>
Package pdftex.def Info: logop7.png  used on input line 36.
(pdftex.def)             Requested size: 187.89914pt x 73.4023pt.
<Universite_Paris_logo_horizontal.jpg, id=172, 389.455pt x 118.4425pt>
File: Universite_Paris_logo_horizontal.jpg Graphic file (type jpg)
<use Universite_Paris_logo_horizontal.jpg>
Package pdftex.def Info: Universite_Paris_logo_horizontal.jpg  used on input li
ne 37.
(pdftex.def)             Requested size: 187.89914pt x 57.14452pt.
[1

{/var/lib/texmf/fonts/map/pdftex/updmap/pdftex.map} <./irif_horizontal.png> <./
Logo80ANS_OR.png> <./logop7.png> <./Universite_Paris_logo_horizontal.jpg>]
(./Rapport de stage.toc)
\tf@toc=\write4
\openout4 = `"Rapport de stage.toc"'.

pdfTeX warning (ext4): destination with the same identifier (name{page.1}) has 
been already used, duplicate ignored
<to be read again> 
                   \relax 
l.61 \newpage
              [1]
Overfull \hbox (1.75484pt too wide) in paragraph at lines 64--72
\T1/cmr/m/n/10 Je tiens à re-mercier vive-ment mon maitre de stage, Mr Yann Rég
is-Gianas, maître de con-férences à l'Université
 []

[2]
Underfull \hbox (badness 10000) in paragraph at lines 78--89

 []


Underfull \hbox (badness 10000) in paragraph at lines 78--89

 []


Underfull \hbox (badness 10000) in paragraph at lines 78--89

 []

[3]
Underfull \hbox (badness 10000) in paragraph at lines 98--105

 []


Underfull \hbox (badness 10000) in paragraph at lines 98--105

 []


Underfull \hbox (badness 10000) in paragraph at lines 98--105

 []


Underfull \hbox (badness 10000) in paragraph at lines 110--113

 []


Underfull \hbox (badness 10000) in paragraph at lines 116--119

 []

<PPS.png, id=257, 1029.8475pt x 360.34625pt>
File: PPS.png Graphic file (type png)
<use PPS.png>
Package pdftex.def Info: PPS.png  used on input line 126.
(pdftex.def)             Requested size: 469.75502pt x 164.36469pt.

LaTeX Warning: `!h' float specifier changed to `!ht'.

[4] [5 <./PPS.png>]
<Parrot.png, id=272, 676.5275pt x 641.39626pt>
File: Parrot.png Graphic file (type png)
<use Parrot.png>
Package pdftex.def Info: Parrot.png  used on input line 150.
(pdftex.def)             Requested size: 93.94957pt x 89.07063pt.
 [6 <./Parrot.png>]
<github.png, id=280, 903.375pt x 451.6875pt>
File: github.png Graphic file (type png)
<use github.png>
Package pdftex.def Info: github.png  used on input line 160.
(pdftex.def)             Requested size: 187.89914pt x 93.9474pt.
<githubc.jpeg, id=281, 1927.2pt x 1084.05pt>
File: githubc.jpeg Graphic file (type jpg)
<use githubc.jpeg>
Package pdftex.def Info: githubc.jpeg  used on input line 163.
(pdftex.def)             Requested size: 234.8775pt x 132.11496pt.
<githubf.png, id=282, 1003.75pt x 532.99126pt>
File: githubf.png Graphic file (type png)
<use githubf.png>
Package pdftex.def Info: githubf.png  used on input line 174.
(pdftex.def)             Requested size: 319.42996pt x 169.61728pt.
<gitf.png, id=283, 1003.75pt x 701.62125pt>
File: gitf.png Graphic file (type png)
<use gitf.png>
Package pdftex.def Info: gitf.png  used on input line 178.
(pdftex.def)             Requested size: 140.92793pt x 98.50465pt.
 [7 <./github.png> <./githubc.jpeg> <./githubf.png> <./gitf.png (PNG copy)>]
<studio.png, id=293, 1027.84pt x 1027.84pt>
File: studio.png Graphic file (type png)
<use studio.png>
Package pdftex.def Info: studio.png  used on input line 189.
(pdftex.def)             Requested size: 46.97836pt x 46.97224pt.
<Node.png, id=294, 1927.2pt x 1179.40625pt>
File: Node.png Graphic file (type png)
<use Node.png>
Package pdftex.def Info: Node.png  used on input line 200.
(pdftex.def)             Requested size: 93.94957pt x 57.48007pt.
<npm.png, id=295, 1927.2pt x 749.80125pt>
File: npm.png Graphic file (type png)
<use npm.png>
Package pdftex.def Info: npm.png  used on input line 216.
(pdftex.def)             Requested size: 93.94957pt x 36.54265pt.
 [8 <./studio.png> <./Node.png> <./npm.png>]
<yarn.png, id=306, 401.5pt x 401.5pt>
File: yarn.png Graphic file (type png)
<use yarn.png>
Package pdftex.def Info: yarn.png  used on input line 227.
(pdftex.def)             Requested size: 93.94957pt x 93.94817pt.
<Express.jpeg, id=307, 1284.8pt x 722.7pt>
File: Express.jpeg Graphic file (type jpg)
<use Express.jpeg>
Package pdftex.def Info: Express.jpeg  used on input line 240.
(pdftex.def)             Requested size: 187.89914pt x 105.68755pt.
<boot.png, id=308, 803.0pt x 806.01125pt>
File: boot.png Graphic file (type png)
<use boot.png>
Package pdftex.def Info: boot.png  used on input line 253.
(pdftex.def)             Requested size: 93.94957pt x 94.29433pt.
<Angular.jpeg, id=309, 1174.3875pt x 702.625pt>
File: Angular.jpeg Graphic file (type jpg)
<use Angular.jpeg>
Package pdftex.def Info: Angular.jpeg  used on input line 264.
(pdftex.def)             Requested size: 187.89914pt x 112.41158pt.

LaTeX Warning: `!h' float specifier changed to `!ht'.

[9 <./yarn.png> <./Express.jpeg> <./boot.png>]
<Angularf.png, id=319, 841.1425pt x 427.5975pt>
File: Angularf.png Graphic file (type png)
<use Angularf.png>
Package pdftex.def Info: Angularf.png  used on input line 273.
(pdftex.def)             Requested size: 422.77664pt x 214.92046pt.
 [10 <./Angular.jpeg> <./Angularf.png>]
<kube.png, id=328, 1927.2pt x 340.27126pt>
File: kube.png Graphic file (type png)
<use kube.png>
Package pdftex.def Info: kube.png  used on input line 283.
(pdftex.def)             Requested size: 187.89914pt x 33.17241pt.
<Kubernetes.png, id=329, 893.3375pt x 632.3625pt>
File: Kubernetes.png Graphic file (type png)
<use Kubernetes.png>
Package pdftex.def Info: Kubernetes.png  used on input line 292.
(pdftex.def)             Requested size: 469.75502pt x 332.52599pt.
 [11 <./kube.png> <./Kubernetes.png>]
Underfull \hbox (badness 10000) in paragraph at lines 299--355

 []


Underfull \hbox (badness 10000) in paragraph at lines 299--355

 []


Underfull \hbox (badness 10000) in paragraph at lines 299--355

 []


Underfull \hbox (badness 10000) in paragraph at lines 299--355

 []


Underfull \hbox (badness 10000) in paragraph at lines 299--355

 []


Underfull \hbox (badness 10000) in paragraph at lines 299--355

 []


Underfull \hbox (badness 10000) in paragraph at lines 299--355

 []


Underfull \hbox (badness 10000) in paragraph at lines 299--355

 []


Underfull \hbox (badness 10000) in paragraph at lines 299--355

 []


Underfull \hbox (badness 10000) in paragraph at lines 299--355

 []


Underfull \hbox (badness 10000) in paragraph at lines 299--355

 []


Underfull \hbox (badness 10000) in paragraph at lines 299--355

 []


Underfull \hbox (badness 10000) in paragraph at lines 299--355

 []


Underfull \hbox (badness 10000) in paragraph at lines 299--355

 []


Underfull \hbox (badness 10000) in paragraph at lines 299--355

 []


Underfull \hbox (badness 10000) in paragraph at lines 299--355

 []


Underfull \hbox (badness 10000) in paragraph at lines 299--355

 []


Underfull \hbox (badness 10000) in paragraph at lines 299--355

 []


Underfull \hbox (badness 10000) in paragraph at lines 299--355

 []


Underfull \hbox (badness 10000) in paragraph at lines 299--355

 []


Underfull \hbox (badness 10000) in paragraph at lines 299--355

 []

[12] [13]
<open.png, id=347, 1927.2pt x 930.47626pt>
File: open.png Graphic file (type png)
<use open.png>
Package pdftex.def Info: open.png  used on input line 361.
(pdftex.def)             Requested size: 187.89914pt x 90.71042pt.
<openstack.png, id=348, 862.22125pt x 784.9325pt>
File: openstack.png Graphic file (type png)
<use openstack.png>
Package pdftex.def Info: openstack.png  used on input line 374.
(pdftex.def)             Requested size: 399.29463pt x 363.49269pt.


LaTeX Warning: `!h' float specifier changed to `!ht'.

[14 <./open.png>]
Underfull \hbox (badness 10000) in paragraph at lines 379--383

 []

<swift.jpeg, id=355, 730.73pt x 548.0475pt>
File: swift.jpeg Graphic file (type jpg)
<use swift.jpeg>
Package pdftex.def Info: swift.jpeg  used on input line 387.
(pdftex.def)             Requested size: 469.75502pt x 352.31299pt.

LaTeX Warning: `!h' float specifier changed to `!ht'.

[15 <./openstack.png>]
Underfull \hbox (badness 10000) in paragraph at lines 397--399

 []

<cinder.png, id=363, 937.5025pt x 477.785pt>
File: cinder.png Graphic file (type png)
<use cinder.png>
Package pdftex.def Info: cinder.png  used on input line 403.
(pdftex.def)             Requested size: 469.75502pt x 239.40224pt.

LaTeX Warning: `!h' float specifier changed to `!ht'.

[16 <./swift.jpeg>]
<docker.png, id=369, 1927.2pt x 457.71pt>
File: docker.png Graphic file (type png)
<use docker.png>
Package pdftex.def Info: docker.png  used on input line 418.
(pdftex.def)             Requested size: 469.75502pt x 111.56374pt.
<dockeri.png, id=370, 1027.84pt x 947.54pt>
File: dockeri.png Graphic file (type png)
<use dockeri.png>
Package pdftex.def Info: dockeri.png  used on input line 431.
(pdftex.def)             Requested size: 258.36668pt x 238.18565pt.


LaTeX Warning: `!h' float specifier changed to `!ht'.

[17 <./cinder.png> <./docker.png>]
<mongo.png, id=378, 1927.2pt x 522.95375pt>
File: mongo.png Graphic file (type png)
<use mongo.png>
Package pdftex.def Info: mongo.png  used on input line 441.
(pdftex.def)             Requested size: 258.36668pt x 70.10895pt.
<thinkster.png, id=379, 422.57875pt x 100.375pt>
File: thinkster.png Graphic file (type png)
<use thinkster.png>
Package pdftex.def Info: thinkster.png  used on input line 453.
(pdftex.def)             Requested size: 258.36668pt x 61.37108pt.
<lo.png, id=380, 202.356pt x 159.797pt>
File: lo.png Graphic file (type png)
<use lo.png>
Package pdftex.def Info: lo.png  used on input line 467.
(pdftex.def)             Requested size: 117.43875pt x 92.74083pt.
 [18 <./dockeri.png> <./mongo.png> <./thinkster.png>]
<rtd.png, id=392, 401.5pt x 77.088pt>
File: rtd.png Graphic file (type png)
<use rtd.png>
Package pdftex.def Info: rtd.png  used on input line 478.
(pdftex.def)             Requested size: 258.36668pt x 49.60902pt.
<ocs.png, id=393, 43.362pt x 36.3759pt>
File: ocs.png Graphic file (type png)
<use ocs.png>
Package pdftex.def Info: ocs.png  used on input line 496.
(pdftex.def)             Requested size: 117.43875pt x 98.52368pt.

Underfull \hbox (badness 10000) in paragraph at lines 508--510

 []

[19 <./lo.png> <./rtd.png> <./ocs.png>]
<type.png, id=404, 39.10715pt x 9.54214pt>
File: type.png Graphic file (type png)
<use type.png>
Package pdftex.def Info: type.png  used on input line 516.
(pdftex.def)             Requested size: 117.43875pt x 28.65895pt.

Underfull \hbox (badness 10000) in paragraph at lines 520--522

 []


Underfull \hbox (badness 10000) in paragraph at lines 523--525

 []

<js.png, id=405, 1027.84pt x 1027.84pt>
File: js.png Graphic file (type png)
<use js.png>
Package pdftex.def Info: js.png  used on input line 529.
(pdftex.def)             Requested size: 70.46037pt x 70.45053pt.
[20 <./type.png> <./js.png>]
<ocamlm.png, id=413, 1927.2pt x 528.97626pt>
File: ocamlm.png Graphic file (type png)
<use ocamlm.png>
Package pdftex.def Info: ocamlm.png  used on input line 541.
(pdftex.def)             Requested size: 117.43875pt x 32.22957pt.

Underfull \hbox (badness 10000) in paragraph at lines 545--547

 []

<html5.png, id=414, 1027.84pt x 1027.84pt>
File: html5.png Graphic file (type png)
<use html5.png>
Package pdftex.def Info: html5.png  used on input line 553.
(pdftex.def)             Requested size: 70.46037pt x 70.45053pt.

Underfull \hbox (badness 10000) in paragraph at lines 557--559

 []

<css.png, id=415, 803.0pt x 1132.23pt>
File: css.png Graphic file (type png)
<use css.png>
Package pdftex.def Info: css.png  used on input line 565.
(pdftex.def)             Requested size: 46.97836pt x 66.23778pt.
<mark.png, id=416, 1927.2pt x 1186.4325pt>
File: mark.png Graphic file (type png)
<use mark.png>
Package pdftex.def Info: mark.png  used on input line 576.
(pdftex.def)             Requested size: 117.43875pt x 72.28719pt.

Underfull \hbox (badness 10000) in paragraph at lines 580--584

 []

[21 <./ocamlm.png> <./html5.png> <./css.png> <./mark.png>]
<LaTeX.png, id=429, 1927.2pt x 803.0pt>
File: LaTeX.png Graphic file (type png)
<use LaTeX.png>
Package pdftex.def Info: LaTeX.png  used on input line 590.
(pdftex.def)             Requested size: 117.43875pt x 48.92534pt.
 [22 <./LaTeX.png>]
<bash.png, id=436, 1927.2pt x 812.03375pt>
File: bash.png Graphic file (type png)
<use bash.png>
Package pdftex.def Info: bash.png  used on input line 603.
(pdftex.def)             Requested size: 117.43875pt x 49.47574pt.

Underfull \hbox (badness 10000) in paragraph at lines 607--610

 []

<json.png, id=437, 803.0pt x 803.0pt>
File: json.png Graphic file (type png)
<use json.png>
Package pdftex.def Info: json.png  used on input line 616.
(pdftex.def)             Requested size: 93.94957pt x 93.94205pt.

Underfull \hbox (badness 10000) in paragraph at lines 620--622

 []

[23 <./bash.png> <./json.png>]
Underfull \hbox (badness 10000) in paragraph at lines 647--659

 []


Underfull \hbox (badness 10000) in paragraph at lines 647--659

 []


Underfull \hbox (badness 10000) in paragraph at lines 647--659

 []

[24]
Underfull \hbox (badness 10000) in paragraph at lines 661--683

 []


Underfull \hbox (badness 10000) in paragraph at lines 661--683

 []


Underfull \hbox (badness 10000) in paragraph at lines 661--683

 []


Underfull \hbox (badness 10000) in paragraph at lines 661--683

 []


Underfull \hbox (badness 10000) in paragraph at lines 661--683

 []

[25]
Underfull \hbox (badness 10000) in paragraph at lines 685--695

 []

[26]
<ang.jpeg, id=461, 810.02625pt x 546.04pt>
File: ang.jpeg Graphic file (type jpg)
<use ang.jpeg>
Package pdftex.def Info: ang.jpeg  used on input line 740.
(pdftex.def)             Requested size: 469.75502pt x 316.67009pt.

Underfull \hbox (badness 10000) in paragraph at lines 727--746

 []


Underfull \hbox (badness 10000) in paragraph at lines 727--746

 []

[27 <./ang.jpeg>]
<mvc.png, id=467, 1204.5pt x 1324.95pt>
File: mvc.png Graphic file (type png)
<use mvc.png>
Package pdftex.def Info: mvc.png  used on input line 774.
(pdftex.def)             Requested size: 211.38832pt x 232.51666pt.
 [28 <./mvc.png>] [29]
Underfull \hbox (badness 10000) in paragraph at lines 800--822

 []


Underfull \hbox (badness 10000) in paragraph at lines 800--822

 []


Underfull \hbox (badness 10000) in paragraph at lines 800--822

 []

[30]
<cors.png, id=486, 1927.2pt x 1011.78pt>
File: cors.png Graphic file (type png)
<use cors.png>
Package pdftex.def Info: cors.png  used on input line 838.
(pdftex.def)             Requested size: 469.75502pt x 246.6146pt.

Underfull \hbox (badness 10000) in paragraph at lines 825--841

 []


Underfull \hbox (badness 10000) in paragraph at lines 825--841

 []

[31 <./cors.png>] [32] [33]
Underfull \hbox (badness 10000) in paragraph at lines 925--933

 []


Underfull \hbox (badness 10000) in paragraph at lines 944--954

 []

[34]
Underfull \hbox (badness 10000) in paragraph at lines 973--1016

 []


Underfull \hbox (badness 10000) in paragraph at lines 973--1016

 []

[35]
Underfull \hbox (badness 10000) in paragraph at lines 1049--1087

 []


Underfull \hbox (badness 10000) in paragraph at lines 1049--1087

 []


Underfull \hbox (badness 10000) in paragraph at lines 1049--1087

 []

[36]
Underfull \hbox (badness 10000) in paragraph at lines 1088--1145

 []


Underfull \hbox (badness 10000) in paragraph at lines 1088--1145

 []


Underfull \hbox (badness 10000) in paragraph at lines 1088--1145

 []


Underfull \hbox (badness 10000) in paragraph at lines 1088--1145

 []


Underfull \hbox (badness 10000) in paragraph at lines 1157--1169

 []

[37]
Underfull \hbox (badness 10000) in paragraph at lines 1179--1232

 []


Underfull \hbox (badness 10000) in paragraph at lines 1179--1232

 []


Underfull \hbox (badness 10000) in paragraph at lines 1179--1232

 []


Underfull \hbox (badness 10000) in paragraph at lines 1179--1232

 []


Underfull \hbox (badness 10000) in paragraph at lines 1179--1232

 []


Underfull \hbox (badness 10000) in paragraph at lines 1179--1232

 []

[38]
Underfull \hbox (badness 10000) in paragraph at lines 1244--1254

 []


Underfull \hbox (badness 10000) in paragraph at lines 1244--1254

 []


Underfull \hbox (badness 10000) in paragraph at lines 1244--1254

 []


Underfull \hbox (badness 10000) in paragraph at lines 1306--1310

 []

[39]
Underfull \hbox (badness 10000) in paragraph at lines 1321--1325

 []

[40] [41]
Underfull \hbox (badness 10000) in paragraph at lines 1384--1398

 []


Overfull \hbox (0.19191pt too wide) in paragraph at lines 1407--1408
[]\T1/cmr/m/n/10 removeIngressFile(Object: rules) va sup-primer les rè-gles pas
sées en paramètres con-tenues dans l'Ingress. 
 []

[42]
Underfull \hbox (badness 10000) in paragraph at lines 1418--1426

 []

[43]
Underfull \hbox (badness 10000) in paragraph at lines 1433--1443

 []

[44]
Overfull \hbox (14.0435pt too wide) in paragraph at lines 1464--1473
\T1/cmr/m/n/10 L'administration des ser-vices Ku-ber-netes con-sis-tait à con-t
rôler le com-porte-ment de chaque node lors d'opérations
 []

[45]

Package hyperref Warning: Difference (2) between bookmark levels is greater 
(hyperref)                than one, level fixed on input line 1478.

[46]
Underfull \hbox (badness 10000) in paragraph at lines 1504--1510

 []

[47] [48]

! LaTeX Error: There's no line here to end.

See the LaTeX manual or LaTeX Companion for explanation.
Type  H <return>  for immediate help.
 ...                                              
                                                  
l.1534     \\\texttt
                    {https://www.intertech.com/Blog/angular-module-tutorial-...

? q
OK, entering \batchmode...
LaTeX Font Info:    Try loading font information for T1+cmtt on input line 1534
.
 (/usr/share/texlive/texmf-dist/tex/latex/base/t1cmtt.fd
File: t1cmtt.fd 2014/09/29 v2.5h Standard LaTeX font definitions
)
Overfull \hbox (23.43132pt too wide) in paragraph at lines 1534--1535
[]\T1/cmtt/m/n/10 https://www.intertech.com/Blog/angular-module-tutorial-applic
ation-structure-using-modules/ 
 []


! LaTeX Error: There's no line here to end.

See the LaTeX manual or LaTeX Companion for explanation.
Type  H <return>  for immediate help.
 ...                                              
                                                  
l.1537 	\\\texttt
                 {http://www.slideshare.net/reidrac/deploying-openstack-obje...

Your command was ignored.
Type  I <command> <return>  to replace it with another command,
or  <return>  to continue without it.


! LaTeX Error: There's no line here to end.

See the LaTeX manual or LaTeX Companion for explanation.
Type  H <return>  for immediate help.
 ...                                              
                                                  
l.1540     \\\texttt
                    {https://cloudarchitectmusings.com/2013/11/18/laying-cin...

Your command was ignored.
Type  I <command> <return>  to replace it with another command,
or  <return>  to continue without it.


Overfull \hbox (91.66466pt too wide) in paragraph at lines 1540--1541
[]\T1/cmtt/m/n/10 https://cloudarchitectmusings.com/2013/11/18/laying-cinder-bl
ock-volumes-in-openstack-part-1-the-basics/ 
 []


! LaTeX Error: There's no line here to end.

See the LaTeX manual or LaTeX Companion for explanation.
Type  H <return>  for immediate help.
 ...                                              
                                                  
l.1543     \\\texttt
                    {https://www.aquasec.com/wiki/display/containers/Docker+...

Your command was ignored.
Type  I <command> <return>  to replace it with another command,
or  <return>  to continue without it.


! LaTeX Error: There's no line here to end.

See the LaTeX manual or LaTeX Companion for explanation.
Type  H <return>  for immediate help.
 ...                                              
                                                  
l.1546     \\\texttt
                    {https://nl.wikipedia.org/wiki/Model-view-controller-model}

Your command was ignored.
Type  I <command> <return>  to replace it with another command,
or  <return>  to continue without it.


! LaTeX Error: There's no line here to end.

See the LaTeX manual or LaTeX Companion for explanation.
Type  H <return>  for immediate help.
 ...                                              
                                                  
l.1549     \\\texttt
                    {https://www.aquasec.com/wiki/display/containers/Docker+...

Your command was ignored.
Type  I <command> <return>  to replace it with another command,
or  <return>  to continue without it.

Package atveryend Info: Empty hook `BeforeClearDocument' on input line 1553.
 [49]
Package atveryend Info: Empty hook `AfterLastShipout' on input line 1553.
 (./Rapport de stage.aux)
Package atveryend Info: Executing hook `AtVeryEndDocument' on input line 1553.
Package atveryend Info: Executing hook `AtEndAfterFileList' on input line 1553.

Package rerunfilecheck Info: File `"Rapport de stage".out' has not changed.
(rerunfilecheck)             Checksum: 2AC4429F35D38B3E35C0DA24242ACBA8;2843.
Package atveryend Info: Empty hook `AtVeryVeryEnd' on input line 1553.
 ) 
Here is how much of TeX's memory you used:
 9270 strings out of 494553
 137077 string characters out of 6177377
 421585 words of memory out of 5000000
 12665 multiletter control sequences out of 15000+600000
 17761 words of font info for 40 fonts, out of 8000000 for 9000
 14 hyphenation exceptions out of 8191
 42i,9n,40p,880b,495s stack positions out of 5000i,500n,10000p,200000b,80000s
 </home/user/.texlive2019/texmf-var/fonts/pk/ljfour/jknappen/ec/ectt1000.600p
k> </home/user/.texlive2019/texmf-var/fonts/pk/ljfour/jknappen/ec/ecti1000.600p
k> </home/user/.texlive2019/texmf-var/fonts/pk/ljfour/jknappen/ec/ecrm0900.600p
k> </home/user/.texlive2019/texmf-var/fonts/pk/ljfour/jknappen/ec/ecbx1200.600p
k> </home/user/.texlive2019/texmf-var/fonts/pk/ljfour/jknappen/ec/ecrm0800.600p
k> </home/user/.texlive2019/texmf-var/fonts/pk/ljfour/jknappen/ec/ecrm0600.600p
k> </home/user/.texlive2019/texmf-var/fonts/pk/ljfour/jknappen/ec/ecrm0700.600p
k> </home/user/.texlive2019/texmf-var/fonts/pk/ljfour/jknappen/ec/ecbx1000.600p
k> </home/user/.texlive2019/texmf-var/fonts/pk/ljfour/jknappen/ec/ecbx1440.600p
k> </home/user/.texlive2019/texmf-var/fonts/pk/ljfour/jknappen/ec/eccc1000.600p
k> </home/user/.texlive2019/texmf-var/fonts/pk/ljfour/jknappen/ec/ecrm1000.600p
k> </home/user/.texlive2019/texmf-var/fonts/pk/ljfour/jknappen/ec/ecti1440.600p
k> </home/user/.texlive2019/texmf-var/fonts/pk/ljfour/jknappen/ec/eccc1440.600p
k> </home/user/.texlive2019/texmf-var/fonts/pk/ljfour/jknappen/ec/eccc1728.600p
k></usr/share/texlive/texmf-dist/fonts/type1/public/amsfonts/cm/cmmi10.pfb></us
r/share/texlive/texmf-dist/fonts/type1/public/amsfonts/cm/cmr7.pfb></usr/share/
texlive/texmf-dist/fonts/type1/public/amsfonts/cm/cmsy10.pfb>
Output written on "Rapport de stage.pdf" (50 pages, 2089681 bytes).
PDF statistics:
 1158 PDF objects out of 1200 (max. 8388607)
 543 compressed objects within 6 object streams
 145 named destinations out of 1000 (max. 500000)
 544 words of extra memory for PDF output out of 10000 (max. 10000000)

