\BOOKMARK [1][-]{section.1}{Remerciements}{}% 1
\BOOKMARK [1][-]{section.2}{Introduction}{}% 2
\BOOKMARK [1][-]{section.3}{L'IRIF}{}% 3
\BOOKMARK [2][-]{subsection.3.1}{Pr\351sentation}{section.3}% 4
\BOOKMARK [2][-]{subsection.3.2}{PPS}{section.3}% 5
\BOOKMARK [1][-]{section.4}{Mes missions}{}% 6
\BOOKMARK [2][-]{subsection.4.1}{Les outils \340 ma disposition}{section.4}% 7
\BOOKMARK [3][-]{subsubsection.4.1.1}{Mon mat\351riel informatique}{subsection.4.1}% 8
\BOOKMARK [3][-]{subsubsection.4.1.2}{Ma distribution}{subsection.4.1}% 9
\BOOKMARK [3][-]{subsubsection.4.1.3}{Github}{subsection.4.1}% 10
\BOOKMARK [3][-]{subsubsection.4.1.4}{Visual Studio Code}{subsection.4.1}% 11
\BOOKMARK [3][-]{subsubsection.4.1.5}{NodeJS}{subsection.4.1}% 12
\BOOKMARK [3][-]{subsubsection.4.1.6}{npm}{subsection.4.1}% 13
\BOOKMARK [3][-]{subsubsection.4.1.7}{Yarn}{subsection.4.1}% 14
\BOOKMARK [3][-]{subsubsection.4.1.8}{Express}{subsection.4.1}% 15
\BOOKMARK [3][-]{subsubsection.4.1.9}{Bootstrap}{subsection.4.1}% 16
\BOOKMARK [3][-]{subsubsection.4.1.10}{Angular}{subsection.4.1}% 17
\BOOKMARK [3][-]{subsubsection.4.1.11}{Kubernetes}{subsection.4.1}% 18
\BOOKMARK [3][-]{subsubsection.4.1.12}{Openstack}{subsection.4.1}% 19
\BOOKMARK [3][-]{subsubsection.4.1.13}{Docker}{subsection.4.1}% 20
\BOOKMARK [3][-]{subsubsection.4.1.14}{MongoDB}{subsection.4.1}% 21
\BOOKMARK [3][-]{subsubsection.4.1.15}{Thinkster}{subsection.4.1}% 22
\BOOKMARK [3][-]{subsubsection.4.1.16}{LearnOCaml}{subsection.4.1}% 23
\BOOKMARK [3][-]{subsubsection.4.1.17}{ReadTheDocs}{subsection.4.1}% 24
\BOOKMARK [3][-]{subsubsection.4.1.18}{JsofOCaml}{subsection.4.1}% 25
\BOOKMARK [3][-]{subsubsection.4.1.19}{Langages utilis\351s}{subsection.4.1}% 26
\BOOKMARK [2][-]{subsection.4.2}{Les missions}{section.4}% 27
\BOOKMARK [3][-]{subsubsection.4.2.1}{LearnOCaml}{subsection.4.2}% 28
\BOOKMARK [3][-]{subsubsection.4.2.2}{Learn-OCaml-Essok}{subsection.4.2}% 29
\BOOKMARK [3][-]{subsubsection.4.2.3}{Objectif principal : d\351velopper LearnOCamlEssok}{subsection.4.2}% 30
\BOOKMARK [3][-]{subsubsection.4.2.4}{Objectifs secondaires : d\351velopper LearnOCaml}{subsection.4.2}% 31
\BOOKMARK [3][-]{subsubsection.4.2.5}{Responsabilit\351s}{subsection.4.2}% 32
\BOOKMARK [3][-]{subsubsection.4.2.6}{Autonomie et vie en entreprise}{subsection.4.2}% 33
\BOOKMARK [2][-]{subsection.4.3}{le bilan r\351sultats obtenus \( appr\351ciation du ma\356tre de stage - productivit\351 ... gestion du temps\) difficult\351s rencontr\351es et solutions apport\351es enseignements/apports du stage \(connaissances - comp\351tences\)}{section.4}% 34
\BOOKMARK [1][-]{section.5}{Les apports du stage}{}% 35
\BOOKMARK [2][-]{subsection.5.1}{Subsection}{section.5}% 36
\BOOKMARK [1][-]{section.6}{Conclusion}{}% 37
\BOOKMARK [1][-]{section.7}{Tests}{}% 38
